x:\3dprogrammingcourse\finalassignment\finalproject 2025.09.30\final project\x64\debug\vc143.pdb
x:\3dprogrammingcourse\finalassignment\finalproject 2025.09.30\final project\x64\debug\vc143.idb
x:\3dprogrammingcourse\finalassignment\finalproject 2025.09.30\final project\x64\debug\plantsmanager.obj
x:\3dprogrammingcourse\finalassignment\finalproject 2025.09.30\final project\x64\debug\plant.obj
x:\3dprogrammingcourse\finalassignment\finalproject 2025.09.30\final project\x64\debug\peashooter.obj
x:\3dprogrammingcourse\finalassignment\finalproject 2025.09.30\final project\x64\debug\goldring.obj
x:\3dprogrammingcourse\finalassignment\finalproject 2025.09.30\final project\x64\debug\particle.obj
x:\3dprogrammingcourse\finalassignment\finalproject 2025.09.30\final project\x64\debug\model.obj
x:\3dprogrammingcourse\finalassignment\finalproject 2025.09.30\final project\x64\debug\mesh.obj
x:\3dprogrammingcourse\finalassignment\finalproject 2025.09.30\final project\x64\debug\material.obj
x:\3dprogrammingcourse\finalassignment\finalproject 2025.09.30\final project\x64\debug\loadobj.obj
x:\3dprogrammingcourse\finalassignment\finalproject 2025.09.30\final project\x64\debug\keys.obj
x:\3dprogrammingcourse\finalassignment\finalproject 2025.09.30\final project\x64\debug\font.obj
x:\3dprogrammingcourse\finalassignment\finalproject 2025.09.30\final project\x64\debug\final project.obj
x:\3dprogrammingcourse\finalassignment\finalproject 2025.09.30\final project\x64\debug\dynamicmodel.obj
x:\3dprogrammingcourse\finalassignment\finalproject 2025.09.30\final project\x64\debug\cube.obj
x:\3dprogrammingcourse\finalassignment\finalproject 2025.09.30\final project\x64\debug\commonzombie.obj
x:\3dprogrammingcourse\finalassignment\finalproject 2025.09.30\final project\x64\debug\camera.obj
x:\3dprogrammingcourse\finalassignment\finalproject 2025.09.30\final project\x64\debug\bone.obj
x:\3dprogrammingcourse\finalassignment\finalproject 2025.09.30\final project\x64\debug\bmploader.obj
x:\3dprogrammingcourse\finalassignment\finalproject 2025.09.30\final project\x64\debug\animator.obj
x:\3dprogrammingcourse\finalassignment\finalproject 2025.09.30\final project\x64\debug\animation.obj
x:\3dprogrammingcourse\finalassignment\finalproject 2025.09.30\final project\x64\debug\zombiesmanager.obj
x:\3dprogrammingcourse\finalassignment\finalproject 2025.09.30\final project\x64\debug\zombie.obj
x:\3dprogrammingcourse\finalassignment\finalproject 2025.09.30\final project\x64\debug\vector.obj
x:\3dprogrammingcourse\finalassignment\finalproject 2025.09.30\final project\x64\debug\texture.obj
x:\3dprogrammingcourse\finalassignment\finalproject 2025.09.30\final project\x64\debug\sunflower.obj
x:\3dprogrammingcourse\finalassignment\finalproject 2025.09.30\final project\x64\debug\stdafx.obj
x:\3dprogrammingcourse\finalassignment\finalproject 2025.09.30\final project\x64\debug\peashooterbullet.obj
x:\3dprogrammingcourse\finalassignment\finalproject 2025.09.30\final project\x64\debug\peashooterbulletboom.obj
x:\3dprogrammingcourse\finalassignment\finalproject 2025.09.30\x64\debug\assimp-vc143-mtd.dll
x:\3dprogrammingcourse\finalassignment\finalproject 2025.09.30\x64\debug\poly2tri.dll
x:\3dprogrammingcourse\finalassignment\finalproject 2025.09.30\x64\debug\minizip.dll
x:\3dprogrammingcourse\finalassignment\finalproject 2025.09.30\x64\debug\zlibd1.dll
x:\3dprogrammingcourse\finalassignment\finalproject 2025.09.30\x64\debug\kubazip.dll
x:\3dprogrammingcourse\finalassignment\finalproject 2025.09.30\x64\debug\pugixml.dll
x:\3dprogrammingcourse\finalassignment\finalproject 2025.09.30\x64\debug\glfw3.dll
x:\3dprogrammingcourse\finalassignment\finalproject 2025.09.30\x64\debug\final project.exe
x:\3dprogrammingcourse\finalassignment\finalproject 2025.09.30\x64\debug\final project.pdb
x:\3dprogrammingcourse\finalassignment\finalproject 2025.09.30\final project\x64\debug\final project.ilk
x:\3dprogrammingcourse\finalassignment\finalproject 2025.09.30\final project\x64\debug\final project.tlog\cl.command.1.tlog
x:\3dprogrammingcourse\finalassignment\finalproject 2025.09.30\final project\x64\debug\final project.tlog\cl.items.tlog
x:\3dprogrammingcourse\finalassignment\finalproject 2025.09.30\final project\x64\debug\final project.tlog\cl.read.1.tlog
x:\3dprogrammingcourse\finalassignment\finalproject 2025.09.30\final project\x64\debug\final project.tlog\cl.write.1.tlog
x:\3dprogrammingcourse\finalassignment\finalproject 2025.09.30\final project\x64\debug\final project.tlog\final project.write.1u.tlog
x:\3dprogrammingcourse\finalassignment\finalproject 2025.09.30\final project\x64\debug\final project.tlog\link.command.1.tlog
x:\3dprogrammingcourse\finalassignment\finalproject 2025.09.30\final project\x64\debug\final project.tlog\link.read.1.tlog
x:\3dprogrammingcourse\finalassignment\finalproject 2025.09.30\final project\x64\debug\final project.tlog\link.secondary.1.tlog
x:\3dprogrammingcourse\finalassignment\finalproject 2025.09.30\final project\x64\debug\final project.tlog\link.write.1.tlog
