  6.cpp
X:\计算机图形学\02\Lesson02\6.cpp(145,13): warning C4305: “初始化”: 从“double”到“GLfloat”截断
X:\计算机图形学\02\Lesson02\6.cpp(147,13): warning C4244: “初始化”: 从“double”转换到“GLfloat”，可能丢失数据
X:\计算机图形学\02\Lesson02\6.cpp(148,13): warning C4244: “初始化”: 从“double”转换到“GLfloat”，可能丢失数据
X:\计算机图形学\02\Lesson02\6.cpp(149,13): warning C4244: “初始化”: 从“double”转换到“GLfloat”，可能丢失数据
X:\计算机图形学\02\Lesson02\6.cpp(150,13): warning C4244: “初始化”: 从“double”转换到“GLfloat”，可能丢失数据
X:\计算机图形学\02\Lesson02\6.cpp(152,13): warning C4244: “初始化”: 从“double”转换到“GLfloat”，可能丢失数据
X:\计算机图形学\02\Lesson02\6.cpp(153,13): warning C4244: “初始化”: 从“double”转换到“GLfloat”，可能丢失数据
X:\计算机图形学\02\Lesson02\6.cpp(154,13): warning C4244: “初始化”: 从“double”转换到“GLfloat”，可能丢失数据
X:\计算机图形学\02\Lesson02\6.cpp(155,13): warning C4244: “初始化”: 从“double”转换到“GLfloat”，可能丢失数据
X:\计算机图形学\02\Lesson02\6.cpp(157,13): warning C4244: “初始化”: 从“double”转换到“GLfloat”，可能丢失数据
X:\计算机图形学\02\Lesson02\6.cpp(158,13): warning C4244: “初始化”: 从“double”转换到“GLfloat”，可能丢失数据
X:\计算机图形学\02\Lesson02\6.cpp(159,13): warning C4244: “初始化”: 从“double”转换到“GLfloat”，可能丢失数据
X:\计算机图形学\02\Lesson02\6.cpp(160,13): warning C4244: “初始化”: 从“double”转换到“GLfloat”，可能丢失数据
X:\计算机图形学\02\Lesson02\6.cpp(162,13): warning C4244: “初始化”: 从“double”转换到“GLfloat”，可能丢失数据
X:\计算机图形学\02\Lesson02\6.cpp(163,13): warning C4244: “初始化”: 从“double”转换到“GLfloat”，可能丢失数据
X:\计算机图形学\02\Lesson02\6.cpp(164,13): warning C4244: “初始化”: 从“double”转换到“GLfloat”，可能丢失数据
X:\计算机图形学\02\Lesson02\6.cpp(165,13): warning C4244: “初始化”: 从“double”转换到“GLfloat”，可能丢失数据
X:\计算机图形学\02\Lesson02\6.cpp(167,13): warning C4244: “初始化”: 从“double”转换到“GLfloat”，可能丢失数据
X:\计算机图形学\02\Lesson02\6.cpp(168,13): warning C4244: “初始化”: 从“double”转换到“GLfloat”，可能丢失数据
X:\计算机图形学\02\Lesson02\6.cpp(169,13): warning C4244: “初始化”: 从“double”转换到“GLfloat”，可能丢失数据
X:\计算机图形学\02\Lesson02\6.cpp(170,13): warning C4244: “初始化”: 从“double”转换到“GLfloat”，可能丢失数据
X:\计算机图形学\02\Lesson02\6.cpp(251,19): warning C4305: “参数”: 从“double”到“GLfloat”截断
X:\计算机图形学\02\Lesson02\6.cpp(251,13): warning C4305: “参数”: 从“double”到“GLfloat”截断
X:\计算机图形学\02\Lesson02\6.cpp(253,19): warning C4305: “参数”: 从“double”到“GLfloat”截断
X:\计算机图形学\02\Lesson02\6.cpp(253,13): warning C4305: “参数”: 从“double”到“GLfloat”截断
X:\计算机图形学\02\Lesson02\6.cpp(276,18): warning C4305: “参数”: 从“double”到“GLfloat”截断
X:\计算机图形学\02\Lesson02\6.cpp(276,13): warning C4305: “参数”: 从“double”到“GLfloat”截断
X:\计算机图形学\02\Lesson02\6.cpp(278,19): warning C4305: “参数”: 从“double”到“GLfloat”截断
X:\计算机图形学\02\Lesson02\6.cpp(278,13): warning C4305: “参数”: 从“double”到“GLfloat”截断
X:\计算机图形学\02\Lesson02\6.cpp(301,21): warning C4305: “参数”: 从“double”到“GLfloat”截断
X:\计算机图形学\02\Lesson02\6.cpp(301,16): warning C4305: “参数”: 从“double”到“GLfloat”截断
X:\计算机图形学\02\Lesson02\6.cpp(303,22): warning C4305: “参数”: 从“double”到“GLfloat”截断
X:\计算机图形学\02\Lesson02\6.cpp(303,16): warning C4305: “参数”: 从“double”到“GLfloat”截断
X:\计算机图形学\02\Lesson02\6.cpp(341,29): warning C4305: “初始化”: 从“double”到“GLfloat”截断
X:\计算机图形学\02\Lesson02\6.cpp(341,39): warning C4305: “初始化”: 从“double”到“GLfloat”截断
X:\计算机图形学\02\Lesson02\6.cpp(353,29): warning C4305: “初始化”: 从“double”到“GLfloat”截断
X:\计算机图形学\02\Lesson02\6.cpp(353,34): warning C4305: “初始化”: 从“double”到“GLfloat”截断
X:\计算机图形学\02\Lesson02\6.cpp(353,39): warning C4305: “初始化”: 从“double”到“GLfloat”截断
X:\计算机图形学\02\Lesson02\6.cpp(354,29): warning C4305: “初始化”: 从“double”到“GLfloat”截断
X:\计算机图形学\02\Lesson02\6.cpp(354,34): warning C4305: “初始化”: 从“double”到“GLfloat”截断
X:\计算机图形学\02\Lesson02\6.cpp(354,39): warning C4305: “初始化”: 从“double”到“GLfloat”截断
  Lesson02.vcxproj -> X:\计算机图形学\02\Lesson02\x64\Debug\Lesson02.exe
